<?xml version="1.0" encoding="UTF-8"?>
<!-- Generated by org.testng.reporters.JUnitReportReporter -->
<testsuite skipped="0" hostname="DESKTOP-K30EV23" name="NewDepositTest" tests="1" failures="0" timestamp="2020-07-03T12:30:25 CDT" time="26.298" errors="0">
  <testcase name="userShouldBeAbleAddDeposite2" time="26.298" classname="NewDepositTest"/>
  <system-out/>
</testsuite> <!-- NewDepositTest -->
